Сборка начата 10.10.2022 16:42:11.
Уровень детализации журнала: Normal.     1>Проект "D:\Лабораторные\3_семестр\КПО\SE_Asm04\Deserialization\Deserialization.vcxproj" в узле 2 (целевые объекты Build).
     1>InitializeBuildStatus:
         Создание "Debug\Deserialization.tlog\unsuccessfulbuild", так как было задано "AlwaysCreate".
       ClCompile:
         C:\Program Files (x86)\Microsoft Visual Studio\2019\Enterprise\VC\Tools\MSVC\14.29.30133\bin\HostX86\x86\CL.exe /c /ZI /JMC /nologo /W3 /WX- /diagnostics:column /sdl /Od /Oy- /D WIN32 /D _DEBUG /D _CONSOLE /D _UNICODE /D UNICODE /Gm- /EHsc /RTC1 /MDd /GS /fp:precise /permissive- /Zc:wchar_t /Zc:forScope /Zc:inline /Fo"Debug\\" /Fd"Debug\vc142.pdb" /external:W3 /Gd /TP /analyze- /FC /errorReport:prompt Deserialization.cpp main.cpp
         Deserialization.cpp
         main.cpp
         Создание кода...
       Link:
         C:\Program Files (x86)\Microsoft Visual Studio\2019\Enterprise\VC\Tools\MSVC\14.29.30133\bin\HostX86\x86\link.exe /ERRORREPORT:PROMPT /OUT:"D:\Лабораторные\3_семестр\КПО\SE_Asm04\Debug\Deserialization.exe" /INCREMENTAL /ILK:"Debug\Deserialization.ilk" /NOLOGO kernel32.lib user32.lib gdi32.lib winspool.lib comdlg32.lib advapi32.lib shell32.lib ole32.lib oleaut32.lib uuid.lib odbc32.lib odbccp32.lib /MANIFEST /MANIFESTUAC:"level='asInvoker' uiAccess='false'" /manifest:embed /DEBUG /PDB:"D:\Лабораторные\3_семестр\КПО\SE_Asm04\Debug\Deserialization.pdb" /SUBSYSTEM:CONSOLE /TLBID:1 /DYNAMICBASE /NXCOMPAT /IMPLIB:"D:\Лабораторные\3_семестр\КПО\SE_Asm04\Debug\Deserialization.lib" /MACHINE:X86 Debug\Deserialization.obj
         Debug\main.obj
         Deserialization.vcxproj -> D:\Лабораторные\3_семестр\КПО\SE_Asm04\Debug\Deserialization.exe
       FinalizeBuildStatus:
         Файл "Debug\Deserialization.tlog\unsuccessfulbuild" удаляется.
         Обращение к "Debug\Deserialization.tlog\Deserialization.lastbuildstate".
     1>Сборка проекта "D:\Лабораторные\3_семестр\КПО\SE_Asm04\Deserialization\Deserialization.vcxproj" завершена (целевые объекты Build).

Сборка успешно завершена.
    Предупреждений: 0
    Ошибок: 0

Прошло времени 00:00:02.44
