Сборка начата 10.10.2022 17:15:06.
Уровень детализации журнала: Normal.     1>Проект "D:\Лабораторные\3_семестр\КПО\SE_Lab17\SE_asm01a\SE_asm01a.vcxproj" в узле 2 (целевые объекты Build).
     1>PrepareForBuild:
         Создание каталога "Debug\SE_asm01a.tlog\".
       InitializeBuildStatus:
         Создание "Debug\SE_asm01a.tlog\unsuccessfulbuild", так как было задано "AlwaysCreate".
       _MASM:
         Assembling SE_asm01a.asm...
         cmd.exe /C "C:\Users\admin\AppData\Local\Temp\tmpb4912c83ae094d98b81545c67f145336.cmd"
         ml.exe /c /nologo /Zi /Fo"Debug\SE_asm01a.obj" /W3 /errorReport:prompt  /TaSE_asm01a.asm
       Lib:
         C:\Program Files (x86)\Microsoft Visual Studio\2019\Enterprise\VC\Tools\MSVC\14.29.30133\bin\HostX86\x86\Lib.exe /OUT:"D:\Лабораторные\3_семестр\КПО\SE_Lab17\Debug\SE_asm01a.lib" /NOLOGO /MACHINE:X86 Debug\SE_asm01a.obj
         SE_asm01a.vcxproj -> D:\Лабораторные\3_семестр\КПО\SE_Lab17\Debug\SE_asm01a.lib
       FinalizeBuildStatus:
         Файл "Debug\SE_asm01a.tlog\unsuccessfulbuild" удаляется.
         Обращение к "Debug\SE_asm01a.tlog\SE_asm01a.lastbuildstate".
     1>Сборка проекта "D:\Лабораторные\3_семестр\КПО\SE_Lab17\SE_asm01a\SE_asm01a.vcxproj" завершена (целевые объекты Build).

Сборка успешно завершена.
    Предупреждений: 0
    Ошибок: 0

Прошло времени 00:00:02.02
