Microsoft (R) Macro Assembler Version 14.29.30140.0	    10/10/22 14:09:39
SE_asm01.asm						     Page 1 - 1


				.586P
				.MODEL FLAT, STDCALL
				includelib kernel32.lib

				ExitProcess PROTO: DWORD

				.STACK 4096

 00000000			.CONST

 00000000			.DATA
 00000000 00000003			Arr  sdword  3, -12, 68, 84, -77, 90, 1, -45, 9, 54
	   FFFFFFF4
	   00000044
	   00000054
	   FFFFFFB3
	   0000005A
	   00000001
	   FFFFFFD3
	   00000009
	   00000036
 00000028 00000000			min  DD  ?
 0000002C 00000000			max  DD  ?

 00000000			.CODE

 00000000			main PROC
 00000000			START:

 00000000  6A 0A			push lengthof Arr
 00000002  68 00000000 R		push offset Arr
 00000007  E8 0000001D			call getmin
 0000000C  A3 00000028 R		mov min, eax

 00000011  6A 0A			push lengthof Arr
 00000013  68 00000000 R		push offset Arr
 00000018  E8 0000002A			call getmax
 0000001D  A3 0000002C R		mov max, eax

 00000022  6A 00		push 0
 00000024  E8 00000000 E	call ExitProcess

 00000029			main ENDP

 00000029			getmin PROC uses ebx ecx esi, parr: dword, elem: dword
 0000002F  8B 4D 0C			mov ecx, elem
 00000032  8B 75 08			mov esi, parr
 00000035  8B 1E			mov ebx, [esi]
 00000037			CYCLE:
 00000037  AD				lodsd
 00000038  3B C3			cmp eax, ebx
 0000003A  7D 01			jge False
 0000003C  93				xchg ebx, eax
 0000003D			False:
 0000003D  E2 F8			loop CYCLE
 0000003F  93				xchg eax, ebx
					ret
 00000047			getmin ENDP

 00000047			getmax PROC uses ebx ecx esi, parr: dword, elem: dword
 0000004D  8B 4D 0C			mov ecx, elem
 00000050  8B 75 08			mov esi, parr
 00000053  8B 1E			mov ebx, [esi]
 00000055			CYCLE:
 00000055  AD				lodsd
 00000056  3B C3			cmp eax, ebx
 00000058  7E 01			jle False
 0000005A  93				xchg ebx, eax
 0000005B			False:
 0000005B  E2 F8			loop CYCLE
 0000005D  93				xchg ebx, eax
					ret
 00000065			getmax ENDP

				END main
Microsoft (R) Macro Assembler Version 14.29.30140.0	    10/10/22 14:09:39
SE_asm01.asm						     Symbols 2 - 1




Segments and Groups:

                N a m e                 Size     Length   Align   Combine Class

CONST  . . . . . . . . . . . . .	32 Bit	 00000000 Para	  Public  'CONST'	 ReadOnly
FLAT . . . . . . . . . . . . . .	GROUP
STACK  . . . . . . . . . . . . .	32 Bit	 00001000 Para	  Stack	  'STACK'	 
_DATA  . . . . . . . . . . . . .	32 Bit	 00000030 Para	  Public  'DATA'	
_TEXT  . . . . . . . . . . . . .	32 Bit	 00000065 Para	  Public  'CODE'	


Procedures, parameters, and locals:

                N a m e                 Type     Value    Attr

ExitProcess  . . . . . . . . . .	P Near	 00000000 FLAT	Length= 00000000 External STDCALL
getmax . . . . . . . . . . . . .	P Near	 00000047 _TEXT	Length= 0000001E Public STDCALL
  parr . . . . . . . . . . . . .	DWord	 bp + 00000008
  elem . . . . . . . . . . . . .	DWord	 bp + 0000000C
  CYCLE  . . . . . . . . . . . .	L Near	 00000055 _TEXT	
  False  . . . . . . . . . . . .	L Near	 0000005B _TEXT	
getmin . . . . . . . . . . . . .	P Near	 00000029 _TEXT	Length= 0000001E Public STDCALL
  parr . . . . . . . . . . . . .	DWord	 bp + 00000008
  elem . . . . . . . . . . . . .	DWord	 bp + 0000000C
  CYCLE  . . . . . . . . . . . .	L Near	 00000037 _TEXT	
  False  . . . . . . . . . . . .	L Near	 0000003D _TEXT	
main . . . . . . . . . . . . . .	P Near	 00000000 _TEXT	Length= 00000029 Public STDCALL
  START  . . . . . . . . . . . .	L Near	 00000000 _TEXT	


Symbols:

                N a m e                 Type     Value    Attr

@CodeSize  . . . . . . . . . . .	Number	 00000000h   
@DataSize  . . . . . . . . . . .	Number	 00000000h   
@Interface . . . . . . . . . . .	Number	 00000003h   
@Model . . . . . . . . . . . . .	Number	 00000007h   
@code  . . . . . . . . . . . . .	Text   	 _TEXT
@data  . . . . . . . . . . . . .	Text   	 FLAT
@fardata?  . . . . . . . . . . .	Text   	 FLAT
@fardata . . . . . . . . . . . .	Text   	 FLAT
@stack . . . . . . . . . . . . .	Text   	 FLAT
Arr  . . . . . . . . . . . . . .	DWord	 00000000 _DATA	
max  . . . . . . . . . . . . . .	DWord	 0000002C _DATA	
min  . . . . . . . . . . . . . .	DWord	 00000028 _DATA	

	   0 Warnings
	   0 Errors
