Сборка начата 18.10.2022 18:47:19.
Уровень детализации журнала: Normal.     1>Проект "D:\Лабораторные\3_семестр\КПО\SE_Lab18\SE_Lab18\SE_Lab18.vcxproj" в узле 2 (целевые объекты Build).
     1>InitializeBuildStatus:
         Создание "Debug\SE_Lab18.tlog\unsuccessfulbuild", так как было задано "AlwaysCreate".
       ClCompile:
         C:\Program Files (x86)\Microsoft Visual Studio\2019\Enterprise\VC\Tools\MSVC\14.29.30133\bin\HostX86\x86\CL.exe /c /ZI /JMC /nologo /W3 /WX- /diagnostics:column /sdl /Od /Oy- /D WIN32 /D _DEBUG /D _CONSOLE /D _UNICODE /D UNICODE /Gm- /EHsc /RTC1 /MDd /GS /fp:precise /permissive- /Zc:wchar_t /Zc:forScope /Zc:inline /Fo"Debug\\" /Fd"Debug\vc142.pdb" /external:W3 /Gd /TP /analyze- /FC /errorReport:prompt PolishNotation.cpp
         PolishNotation.cpp
     1>D:\Лабораторные\3_семестр\КПО\SE_Lab18\SE_Lab18\PolishNotation.cpp(18,20): warning C4018: <: несоответствие типов со знаком и без знака
       Link:
         C:\Program Files (x86)\Microsoft Visual Studio\2019\Enterprise\VC\Tools\MSVC\14.29.30133\bin\HostX86\x86\link.exe /ERRORREPORT:PROMPT /OUT:"D:\Лабораторные\3_семестр\КПО\SE_Lab18\Debug\SE_Lab18.exe" /INCREMENTAL /ILK:"Debug\SE_Lab18.ilk" /NOLOGO kernel32.lib user32.lib gdi32.lib winspool.lib comdlg32.lib advapi32.lib shell32.lib ole32.lib oleaut32.lib uuid.lib odbc32.lib odbccp32.lib /MANIFEST /MANIFESTUAC:"level='asInvoker' uiAccess='false'" /manifest:embed /DEBUG /PDB:"D:\Лабораторные\3_семестр\КПО\SE_Lab18\Debug\SE_Lab18.pdb" /SUBSYSTEM:CONSOLE /TLBID:1 /DYNAMICBASE /NXCOMPAT /IMPLIB:"D:\Лабораторные\3_семестр\КПО\SE_Lab18\Debug\SE_Lab18.lib" /MACHINE:X86 Debug\PolishNotation.obj
         Debug\SE_Lab18.obj
         SE_Lab18.vcxproj -> D:\Лабораторные\3_семестр\КПО\SE_Lab18\Debug\SE_Lab18.exe
       FinalizeBuildStatus:
         Файл "Debug\SE_Lab18.tlog\unsuccessfulbuild" удаляется.
         Обращение к "Debug\SE_Lab18.tlog\SE_Lab18.lastbuildstate".
     1>Сборка проекта "D:\Лабораторные\3_семестр\КПО\SE_Lab18\SE_Lab18\SE_Lab18.vcxproj" завершена (целевые объекты Build).

Сборка успешно завершена.

       "D:\Лабораторные\3_семестр\КПО\SE_Lab18\SE_Lab18\SE_Lab18.vcxproj" (целевой объект Build ) (1) ->
       (Целевой объект ClCompile) -> 
         D:\Лабораторные\3_семестр\КПО\SE_Lab18\SE_Lab18\PolishNotation.cpp(18,20): warning C4018: <: несоответствие типов со знаком и без знака

    Предупреждений: 1
    Ошибок: 0

Прошло времени 00:00:02.51
